<?xml version="1.0" encoding="UTF-8"?>
<testsuite xmlns:xsi="http://www.w3.org/2001/XMLSchema-instance" xsi:noNamespaceSchemaLocation="https://maven.apache.org/surefire/maven-surefire-plugin/xsd/surefire-test-report.xsd" name="CheckNameToEmbossTest" time="0.802" tests="11" errors="0" skipped="0" failures="0">
  <properties>
    <property name="gopherProxySet" value="false"/>
    <property name="awt.toolkit" value="sun.lwawt.macosx.LWCToolkit"/>
    <property name="java.specification.version" value="11"/>
    <property name="sun.cpu.isalist" value=""/>
    <property name="sun.jnu.encoding" value="UTF-8"/>
    <property name="java.class.path" value="/Users/ilyahome/Documents/QA/JavaAuto/Sprint_4/target/test-classes:/Users/ilyahome/Documents/QA/JavaAuto/Sprint_4/target/classes:/Users/ilyahome/.m2/repository/junit/junit/4.13.2/junit-4.13.2.jar:/Users/ilyahome/.m2/repository/org/hamcrest/hamcrest-core/1.3/hamcrest-core-1.3.jar:/Users/ilyahome/.m2/repository/org/mockito/mockito-core/4.6.1/mockito-core-4.6.1.jar:/Users/ilyahome/.m2/repository/net/bytebuddy/byte-buddy-agent/1.12.10/byte-buddy-agent-1.12.10.jar:/Users/ilyahome/.m2/repository/org/objenesis/objenesis/3.2/objenesis-3.2.jar:/Users/ilyahome/.m2/repository/net/bytebuddy/byte-buddy/1.12.10/byte-buddy-1.12.10.jar:/Users/ilyahome/.m2/repository/io/qameta/allure/allure-junit4/2.18.1/allure-junit4-2.18.1.jar:/Users/ilyahome/.m2/repository/io/qameta/allure/allure-java-commons/2.18.1/allure-java-commons-2.18.1.jar:/Users/ilyahome/.m2/repository/org/slf4j/slf4j-api/1.7.30/slf4j-api-1.7.30.jar:/Users/ilyahome/.m2/repository/io/qameta/allure/allure-model/2.18.1/allure-model-2.18.1.jar:/Users/ilyahome/.m2/repository/io/qameta/allure/allure-rest-assured/2.18.1/allure-rest-assured-2.18.1.jar:/Users/ilyahome/.m2/repository/io/qameta/allure/allure-attachments/2.18.1/allure-attachments-2.18.1.jar:/Users/ilyahome/.m2/repository/org/freemarker/freemarker/2.3.31/freemarker-2.3.31.jar:/Users/ilyahome/.m2/repository/io/rest-assured/rest-assured/5.0.1/rest-assured-5.0.1.jar:/Users/ilyahome/.m2/repository/org/apache/groovy/groovy/4.0.1/groovy-4.0.1.jar:/Users/ilyahome/.m2/repository/org/apache/groovy/groovy-xml/4.0.1/groovy-xml-4.0.1.jar:/Users/ilyahome/.m2/repository/org/apache/httpcomponents/httpclient/4.5.13/httpclient-4.5.13.jar:/Users/ilyahome/.m2/repository/org/apache/httpcomponents/httpcore/4.4.13/httpcore-4.4.13.jar:/Users/ilyahome/.m2/repository/commons-logging/commons-logging/1.2/commons-logging-1.2.jar:/Users/ilyahome/.m2/repository/commons-codec/commons-codec/1.11/commons-codec-1.11.jar:/Users/ilyahome/.m2/repository/org/apache/httpcomponents/httpmime/4.5.13/httpmime-4.5.13.jar:/Users/ilyahome/.m2/repository/org/hamcrest/hamcrest/2.1/hamcrest-2.1.jar:/Users/ilyahome/.m2/repository/org/ccil/cowan/tagsoup/tagsoup/1.2.1/tagsoup-1.2.1.jar:/Users/ilyahome/.m2/repository/io/rest-assured/json-path/5.0.1/json-path-5.0.1.jar:/Users/ilyahome/.m2/repository/org/apache/groovy/groovy-json/4.0.1/groovy-json-4.0.1.jar:/Users/ilyahome/.m2/repository/io/rest-assured/rest-assured-common/5.0.1/rest-assured-common-5.0.1.jar:/Users/ilyahome/.m2/repository/io/rest-assured/xml-path/5.0.1/xml-path-5.0.1.jar:/Users/ilyahome/.m2/repository/org/apache/commons/commons-lang3/3.11/commons-lang3-3.11.jar:"/>
    <property name="java.vm.vendor" value="Amazon.com Inc."/>
    <property name="sun.arch.data.model" value="64"/>
    <property name="java.vendor.url" value="https://aws.amazon.com/corretto/"/>
    <property name="user.timezone" value=""/>
    <property name="java.vm.specification.version" value="11"/>
    <property name="os.name" value="Mac OS X"/>
    <property name="sun.java.launcher" value="SUN_STANDARD"/>
    <property name="user.country" value="RU"/>
    <property name="sun.boot.library.path" value="/Library/Java/JavaVirtualMachines/amazon-corretto-11.jdk/Contents/Home/lib"/>
    <property name="sun.java.command" value="/Users/ilyahome/Documents/QA/JavaAuto/Sprint_4/target/surefire/surefirebooter9652888863248273186.jar /Users/ilyahome/Documents/QA/JavaAuto/Sprint_4/target/surefire 2022-07-24T12-10-11_684-jvmRun1 surefire18287197429704937506tmp surefire_0935100129007007321tmp"/>
    <property name="jdk.debug" value="release"/>
    <property name="surefire.test.class.path" value="/Users/ilyahome/Documents/QA/JavaAuto/Sprint_4/target/test-classes:/Users/ilyahome/Documents/QA/JavaAuto/Sprint_4/target/classes:/Users/ilyahome/.m2/repository/junit/junit/4.13.2/junit-4.13.2.jar:/Users/ilyahome/.m2/repository/org/hamcrest/hamcrest-core/1.3/hamcrest-core-1.3.jar:/Users/ilyahome/.m2/repository/org/mockito/mockito-core/4.6.1/mockito-core-4.6.1.jar:/Users/ilyahome/.m2/repository/net/bytebuddy/byte-buddy-agent/1.12.10/byte-buddy-agent-1.12.10.jar:/Users/ilyahome/.m2/repository/org/objenesis/objenesis/3.2/objenesis-3.2.jar:/Users/ilyahome/.m2/repository/net/bytebuddy/byte-buddy/1.12.10/byte-buddy-1.12.10.jar:/Users/ilyahome/.m2/repository/io/qameta/allure/allure-junit4/2.18.1/allure-junit4-2.18.1.jar:/Users/ilyahome/.m2/repository/io/qameta/allure/allure-java-commons/2.18.1/allure-java-commons-2.18.1.jar:/Users/ilyahome/.m2/repository/org/slf4j/slf4j-api/1.7.30/slf4j-api-1.7.30.jar:/Users/ilyahome/.m2/repository/io/qameta/allure/allure-model/2.18.1/allure-model-2.18.1.jar:/Users/ilyahome/.m2/repository/io/qameta/allure/allure-rest-assured/2.18.1/allure-rest-assured-2.18.1.jar:/Users/ilyahome/.m2/repository/io/qameta/allure/allure-attachments/2.18.1/allure-attachments-2.18.1.jar:/Users/ilyahome/.m2/repository/org/freemarker/freemarker/2.3.31/freemarker-2.3.31.jar:/Users/ilyahome/.m2/repository/io/rest-assured/rest-assured/5.0.1/rest-assured-5.0.1.jar:/Users/ilyahome/.m2/repository/org/apache/groovy/groovy/4.0.1/groovy-4.0.1.jar:/Users/ilyahome/.m2/repository/org/apache/groovy/groovy-xml/4.0.1/groovy-xml-4.0.1.jar:/Users/ilyahome/.m2/repository/org/apache/httpcomponents/httpclient/4.5.13/httpclient-4.5.13.jar:/Users/ilyahome/.m2/repository/org/apache/httpcomponents/httpcore/4.4.13/httpcore-4.4.13.jar:/Users/ilyahome/.m2/repository/commons-logging/commons-logging/1.2/commons-logging-1.2.jar:/Users/ilyahome/.m2/repository/commons-codec/commons-codec/1.11/commons-codec-1.11.jar:/Users/ilyahome/.m2/repository/org/apache/httpcomponents/httpmime/4.5.13/httpmime-4.5.13.jar:/Users/ilyahome/.m2/repository/org/hamcrest/hamcrest/2.1/hamcrest-2.1.jar:/Users/ilyahome/.m2/repository/org/ccil/cowan/tagsoup/tagsoup/1.2.1/tagsoup-1.2.1.jar:/Users/ilyahome/.m2/repository/io/rest-assured/json-path/5.0.1/json-path-5.0.1.jar:/Users/ilyahome/.m2/repository/org/apache/groovy/groovy-json/4.0.1/groovy-json-4.0.1.jar:/Users/ilyahome/.m2/repository/io/rest-assured/rest-assured-common/5.0.1/rest-assured-common-5.0.1.jar:/Users/ilyahome/.m2/repository/io/rest-assured/xml-path/5.0.1/xml-path-5.0.1.jar:/Users/ilyahome/.m2/repository/org/apache/commons/commons-lang3/3.11/commons-lang3-3.11.jar:"/>
    <property name="sun.cpu.endian" value="little"/>
    <property name="user.home" value="/Users/ilyahome"/>
    <property name="user.language" value="en"/>
    <property name="java.specification.vendor" value="Oracle Corporation"/>
    <property name="java.version.date" value="2022-04-19"/>
    <property name="java.home" value="/Library/Java/JavaVirtualMachines/amazon-corretto-11.jdk/Contents/Home"/>
    <property name="file.separator" value="/"/>
    <property name="basedir" value="/Users/ilyahome/Documents/QA/JavaAuto/Sprint_4"/>
    <property name="java.vm.compressedOopsMode" value="Zero based"/>
    <property name="line.separator" value="&#10;"/>
    <property name="java.specification.name" value="Java Platform API Specification"/>
    <property name="java.vm.specification.vendor" value="Oracle Corporation"/>
    <property name="java.awt.graphicsenv" value="sun.awt.CGraphicsEnvironment"/>
    <property name="surefire.real.class.path" value="/Users/ilyahome/Documents/QA/JavaAuto/Sprint_4/target/surefire/surefirebooter9652888863248273186.jar"/>
    <property name="sun.management.compiler" value="HotSpot 64-Bit Tiered Compilers"/>
    <property name="java.runtime.version" value="11.0.15+9-LTS"/>
    <property name="user.name" value="ilyahome"/>
    <property name="path.separator" value=":"/>
    <property name="os.version" value="12.4"/>
    <property name="java.runtime.name" value="OpenJDK Runtime Environment"/>
    <property name="file.encoding" value="UTF-8"/>
    <property name="java.vm.name" value="OpenJDK 64-Bit Server VM"/>
    <property name="java.vendor.version" value="Corretto-11.0.15.9.1"/>
    <property name="localRepository" value="/Users/ilyahome/.m2/repository"/>
    <property name="java.vendor.url.bug" value="https://github.com/corretto/corretto-11/issues/"/>
    <property name="java.io.tmpdir" value="/var/folders/lw/2kk2036s1y77z0kzk9jjgw0m0000gn/T/"/>
    <property name="idea.version" value="2022.1"/>
    <property name="java.version" value="11.0.15"/>
    <property name="user.dir" value="/Users/ilyahome/Documents/QA/JavaAuto/Sprint_4"/>
    <property name="os.arch" value="x86_64"/>
    <property name="java.vm.specification.name" value="Java Virtual Machine Specification"/>
    <property name="java.awt.printerjob" value="sun.lwawt.macosx.CPrinterJob"/>
    <property name="sun.os.patch.level" value="unknown"/>
    <property name="java.library.path" value="/Users/ilyahome/Library/Java/Extensions:/Library/Java/Extensions:/Network/Library/Java/Extensions:/System/Library/Java/Extensions:/usr/lib/java:."/>
    <property name="java.vm.info" value="mixed mode"/>
    <property name="java.vendor" value="Amazon.com Inc."/>
    <property name="java.vm.version" value="11.0.15+9-LTS"/>
    <property name="sun.io.unicode.encoding" value="UnicodeBig"/>
    <property name="java.class.version" value="55.0"/>
  </properties>
  <testcase name="checkValidNameTest[0]" classname="CheckNameToEmbossTest" time="0.484"/>
  <testcase name="checkValidNameTest[1]" classname="CheckNameToEmbossTest" time="0.004"/>
  <testcase name="checkValidNameTest[2]" classname="CheckNameToEmbossTest" time="0.003"/>
  <testcase name="checkValidNameTest[3]" classname="CheckNameToEmbossTest" time="0.004"/>
  <testcase name="checkValidNameTest[4]" classname="CheckNameToEmbossTest" time="0.002"/>
  <testcase name="checkValidNameTest[5]" classname="CheckNameToEmbossTest" time="0.004"/>
  <testcase name="checkValidNameTest[6]" classname="CheckNameToEmbossTest" time="0.004"/>
  <testcase name="checkValidNameTest[7]" classname="CheckNameToEmbossTest" time="0.004"/>
  <testcase name="checkValidNameTest[8]" classname="CheckNameToEmbossTest" time="0.002"/>
  <testcase name="checkValidNameTest[9]" classname="CheckNameToEmbossTest" time="0.002"/>
  <testcase name="checkValidNameTest[10]" classname="CheckNameToEmbossTest" time="0.001"/>
</testsuite>